<?xml version="1.0" encoding="UTF-8"?>
<!-- Generated by org.testng.reporters.JUnitReportReporter -->
<testsuite hostname="Advent" failures="0" tests="1" name="tests.PutExamples" time="3.056" errors="0" timestamp="2023-10-21T17:44:14 IST" skipped="0">
  <testcase classname="tests.PutExamples" name="testPut" time="3.056"/>
  <system-out/>
</testsuite> <!-- tests.PutExamples -->
