<?xml version="1.0" encoding="UTF-8"?>
<!-- Generated by org.testng.reporters.JUnitReportReporter -->
<testsuite hostname="Advent" failures="0" tests="1" name="tests.TestExamples" time="2.438" errors="0" timestamp="2023-10-20T18:43:06 IST" skipped="0">
  <testcase classname="tests.TestExamples" name="test2" time="2.438"/>
  <system-out/>
</testsuite> <!-- tests.TestExamples -->
