<?xml version="1.0" encoding="UTF-8"?>
<!-- Generated by org.testng.reporters.JUnitReportReporter -->
<testsuite hostname="Advent" failures="0" tests="1" name="tests.GetAndPostExamples" time="2.223" errors="0" timestamp="2023-10-20T19:26:40 IST" skipped="0">
  <testcase classname="tests.GetAndPostExamples" name="testPost" time="2.223"/>
  <system-out/>
</testsuite> <!-- tests.GetAndPostExamples -->
