<?xml version="1.0" encoding="UTF-8"?>
<!-- Generated by org.testng.reporters.JUnitReportReporter -->
<testsuite hostname="Advent" failures="0" tests="1" name="testsOnLocalAPI.PostExample" time="1.249" errors="0" timestamp="2023-10-21T18:48:51 IST" skipped="0">
  <testcase classname="testsOnLocalAPI.PostExample" name="testPost" time="1.249"/>
  <system-out/>
</testsuite> <!-- testsOnLocalAPI.PostExample -->
