<?xml version="1.0" encoding="UTF-8"?>
<!-- Generated by org.testng.reporters.JUnitReportReporter -->
<testsuite hostname="Advent" failures="0" tests="1" name="testsOnLocalAPI.PatchExample" time="1.231" errors="0" timestamp="2023-10-21T18:45:13 IST" skipped="0">
  <testcase classname="testsOnLocalAPI.PatchExample" name="testPatch" time="1.231"/>
  <system-out/>
</testsuite> <!-- testsOnLocalAPI.PatchExample -->
