<?xml version="1.0" encoding="UTF-8"?>
<!-- Generated by org.testng.reporters.JUnitReportReporter -->
<testsuite hostname="Advent" failures="0" tests="1" name="tests.DeleteExamples" time="2.174" errors="0" timestamp="2023-10-21T17:50:36 IST" skipped="0">
  <testcase classname="tests.DeleteExamples" name="testDelete" time="2.174"/>
  <system-out/>
</testsuite> <!-- tests.DeleteExamples -->
