<?xml version="1.0" encoding="UTF-8"?>
<!-- Generated by org.testng.reporters.JUnitReportReporter -->
<testsuite hostname="Advent" failures="0" tests="1" name="testsOnLocalAPI.PutExample" time="1.252" errors="0" timestamp="2023-10-21T18:43:48 IST" skipped="0">
  <testcase classname="testsOnLocalAPI.PutExample" name="testPut" time="1.252"/>
  <system-out/>
</testsuite> <!-- testsOnLocalAPI.PutExample -->
