<?xml version="1.0" encoding="UTF-8"?>
<!-- Generated by org.testng.reporters.JUnitReportReporter -->
<testsuite hostname="Advent" failures="0" tests="1" name="tests.PatchExamples" time="2.922" errors="0" timestamp="2023-10-21T17:47:57 IST" skipped="0">
  <testcase classname="tests.PatchExamples" name="testPatch" time="2.922"/>
  <system-out/>
</testsuite> <!-- tests.PatchExamples -->
