<?xml version="1.0" encoding="UTF-8"?>
<!-- Generated by org.testng.reporters.JUnitReportReporter -->
<testsuite hostname="Advent" failures="0" tests="1" name="testsOnLocalAPI.GetExample" time="1.375" errors="0" timestamp="2023-10-21T18:31:18 IST" skipped="0">
  <testcase classname="testsOnLocalAPI.GetExample" name="testGet" time="1.375"/>
  <system-out/>
</testsuite> <!-- testsOnLocalAPI.GetExample -->
