<?xml version="1.0" encoding="UTF-8"?>
<!-- Generated by org.testng.reporters.JUnitReportReporter -->
<testsuite hostname="Advent" failures="0" tests="1" name="tests.PostExamples" time="3.260" errors="0" timestamp="2023-10-21T17:44:54 IST" skipped="0">
  <testcase classname="tests.PostExamples" name="testPost" time="3.260"/>
  <system-out/>
</testsuite> <!-- tests.PostExamples -->
