<?xml version="1.0" encoding="UTF-8"?>
<!-- Generated by org.testng.reporters.JUnitReportReporter -->
<testsuite hostname="Advent" failures="0" tests="1" name="testsOnLocalAPI.DeleteExample" time="1.324" errors="0" timestamp="2023-10-21T18:49:00 IST" skipped="0">
  <testcase classname="testsOnLocalAPI.DeleteExample" name="testDelete" time="1.324"/>
  <system-out/>
</testsuite> <!-- testsOnLocalAPI.DeleteExample -->
